<?xml version="1.0" encoding="UTF-8"?>
<!-- Generated by org.testng.reporters.JUnitReportReporter -->
<testsuite hostname="DESKTOP-DCAE2EI" failures="0" tests="1" name="testCases.TC002_LoginTest" time="1.744" errors="0" timestamp="2025-05-26T12:10:44 AEST" skipped="0">
  <testcase classname="testCases.TC002_LoginTest" name="verify_login" time="1.744"/>
</testsuite> <!-- testCases.TC002_LoginTest -->
