<?xml version="1.0" encoding="UTF-8"?>
<!-- Generated by org.testng.reporters.JUnitReportReporter -->
<testsuite hostname="DESKTOP-DCAE2EI" failures="0" tests="1" name="testCases.TC001_AccountRegistrationTest" time="2.574" errors="0" timestamp="2025-05-26T13:14:29 AEST" skipped="0">
  <testcase classname="testCases.TC001_AccountRegistrationTest" name="verify_account_registration" time="2.574"/>
</testsuite> <!-- testCases.TC001_AccountRegistrationTest -->
